Determining if the pthread_create exist failed with the following output:
Change Dir: /home/to6/Multi-scale-simulation/CMakeFiles/CMakeTmp

Run Build Command:/usr/bin/make "cmTryCompileExec2601952160/fast"
/usr/bin/make -f CMakeFiles/cmTryCompileExec2601952160.dir/build.make CMakeFiles/cmTryCompileExec2601952160.dir/build
make[1]: Entering directory `/home/to6/Multi-scale-simulation/CMakeFiles/CMakeTmp'
/usr/bin/cmake -E cmake_progress_report /home/to6/Multi-scale-simulation/CMakeFiles/CMakeTmp/CMakeFiles 1
Building C object CMakeFiles/cmTryCompileExec2601952160.dir/CheckSymbolExists.c.o
/usr/bin/cc    -o CMakeFiles/cmTryCompileExec2601952160.dir/CheckSymbolExists.c.o   -c /home/to6/Multi-scale-simulation/CMakeFiles/CMakeTmp/CheckSymbolExists.c
Linking C executable cmTryCompileExec2601952160
/usr/bin/cmake -E cmake_link_script CMakeFiles/cmTryCompileExec2601952160.dir/link.txt --verbose=1
/usr/bin/cc       CMakeFiles/cmTryCompileExec2601952160.dir/CheckSymbolExists.c.o  -o cmTryCompileExec2601952160 -rdynamic 
CMakeFiles/cmTryCompileExec2601952160.dir/CheckSymbolExists.c.o: In function `main':
CheckSymbolExists.c:(.text+0x16): undefined reference to `pthread_create'
collect2: error: ld returned 1 exit status
make[1]: *** [cmTryCompileExec2601952160] Error 1
make[1]: Leaving directory `/home/to6/Multi-scale-simulation/CMakeFiles/CMakeTmp'
make: *** [cmTryCompileExec2601952160/fast] Error 2

File /home/to6/Multi-scale-simulation/CMakeFiles/CMakeTmp/CheckSymbolExists.c:
/* */
#include <pthread.h>

int main(int argc, char** argv)
{
  (void)argv;
#ifndef pthread_create
  return ((int*)(&pthread_create))[argc];
#else
  (void)argc;
  return 0;
#endif
}

Determining if the function pthread_create exists in the pthreads failed with the following output:
Change Dir: /home/to6/Multi-scale-simulation/CMakeFiles/CMakeTmp

Run Build Command:/usr/bin/make "cmTryCompileExec1053242889/fast"
/usr/bin/make -f CMakeFiles/cmTryCompileExec1053242889.dir/build.make CMakeFiles/cmTryCompileExec1053242889.dir/build
make[1]: Entering directory `/home/to6/Multi-scale-simulation/CMakeFiles/CMakeTmp'
/usr/bin/cmake -E cmake_progress_report /home/to6/Multi-scale-simulation/CMakeFiles/CMakeTmp/CMakeFiles 1
Building C object CMakeFiles/cmTryCompileExec1053242889.dir/CheckFunctionExists.c.o
/usr/bin/cc   -DCHECK_FUNCTION_EXISTS=pthread_create   -o CMakeFiles/cmTryCompileExec1053242889.dir/CheckFunctionExists.c.o   -c /usr/share/cmake-2.8/Modules/CheckFunctionExists.c
Linking C executable cmTryCompileExec1053242889
/usr/bin/cmake -E cmake_link_script CMakeFiles/cmTryCompileExec1053242889.dir/link.txt --verbose=1
/usr/bin/cc   -DCHECK_FUNCTION_EXISTS=pthread_create    CMakeFiles/cmTryCompileExec1053242889.dir/CheckFunctionExists.c.o  -o cmTryCompileExec1053242889 -rdynamic -lpthreads 
/usr/bin/ld: cannot find -lpthreads
collect2: error: ld returned 1 exit status
make[1]: *** [cmTryCompileExec1053242889] Error 1
make[1]: Leaving directory `/home/to6/Multi-scale-simulation/CMakeFiles/CMakeTmp'
make: *** [cmTryCompileExec1053242889/fast] Error 2


